[    43.806] (--) Log file renamed from "/home/mwiza/.local/share/xorg/Xorg.pid-1229.log" to "/home/mwiza/.local/share/xorg/Xorg.0.log"
[    43.807] 
X.Org X Server 1.20.1
X Protocol Version 11, Revision 0
[    43.807] Build Operating System: Linux 4.4.0-140-generic x86_64 Ubuntu
[    43.807] Current Operating System: Linux mwiza-HP-ProBook-430-G2 4.18.0-15-generic #16~18.04.1-Ubuntu SMP Thu Feb 7 14:06:04 UTC 2019 x86_64
[    43.807] Kernel command line: BOOT_IMAGE=/boot/vmlinuz-4.18.0-15-generic root=UUID=a1810c7c-f8f7-456c-8159-6f606ccae6c3 ro quiet splash vt.handoff=1
[    43.807] Build Date: 27 November 2018  05:27:12PM
[    43.807] xorg-server-hwe-18.04 2:1.20.1-3ubuntu2.1~18.04.1 (For technical support please see http://www.ubuntu.com/support) 
[    43.807] Current version of pixman: 0.34.0
[    43.807] 	Before reporting problems, check http://wiki.x.org
	to make sure that you have the latest version.
[    43.807] Markers: (--) probed, (**) from config file, (==) default setting,
	(++) from command line, (!!) notice, (II) informational,
	(WW) warning, (EE) error, (NI) not implemented, (??) unknown.
[    43.807] (==) Log file: "/home/mwiza/.local/share/xorg/Xorg.0.log", Time: Wed Jul 10 07:54:10 2019
[    43.831] (==) Using system config directory "/usr/share/X11/xorg.conf.d"
[    43.837] (==) No Layout section.  Using the first Screen section.
[    43.837] (==) No screen section available. Using defaults.
[    43.837] (**) |-->Screen "Default Screen Section" (0)
[    43.837] (**) |   |-->Monitor "<default monitor>"
[    43.840] (==) No monitor specified for screen "Default Screen Section".
	Using a default monitor configuration.
[    43.840] (==) Automatically adding devices
[    43.840] (==) Automatically enabling devices
[    43.840] (==) Automatically adding GPU devices
[    43.840] (==) Automatically binding GPU devices
[    43.840] (==) Max clients allowed: 256, resource mask: 0x1fffff
[    43.840] (WW) The directory "/usr/share/fonts/X11/cyrillic" does not exist.
[    43.840] 	Entry deleted from font path.
[    43.840] (WW) The directory "/usr/share/fonts/X11/100dpi/" does not exist.
[    43.840] 	Entry deleted from font path.
[    43.840] (WW) The directory "/usr/share/fonts/X11/75dpi/" does not exist.
[    43.840] 	Entry deleted from font path.
[    43.840] (WW) The directory "/usr/share/fonts/X11/100dpi" does not exist.
[    43.840] 	Entry deleted from font path.
[    43.840] (WW) The directory "/usr/share/fonts/X11/75dpi" does not exist.
[    43.840] 	Entry deleted from font path.
[    43.840] (==) FontPath set to:
	/usr/share/fonts/X11/misc,
	/usr/share/fonts/X11/Type1,
	built-ins
[    43.840] (==) ModulePath set to "/usr/lib/xorg/modules"
[    43.840] (II) The server relies on udev to provide the list of input devices.
	If no devices become available, reconfigure udev or disable AutoAddDevices.
[    43.840] (II) Loader magic: 0x559d8c1f1020
[    43.840] (II) Module ABI versions:
[    43.840] 	X.Org ANSI C Emulation: 0.4
[    43.840] 	X.Org Video Driver: 24.0
[    43.841] 	X.Org XInput driver : 24.1
[    43.841] 	X.Org Server Extension : 10.0
[    43.842] (++) using VT number 2

[    43.847] (II) systemd-logind: took control of session /org/freedesktop/login1/session/_32
[    43.848] (II) xfree86: Adding drm device (/dev/dri/card0)
[    43.849] (II) systemd-logind: got fd for /dev/dri/card0 226:0 fd 12 paused 0
[    43.851] (--) PCI:*(0@0:2:0) 8086:0a16:103c:2246 rev 11, Mem @ 0xc0000000/4194304, 0xb0000000/268435456, I/O @ 0x00006000/64, BIOS @ 0x????????/131072
[    43.851] (II) LoadModule: "glx"
[    43.872] (II) Loading /usr/lib/xorg/modules/extensions/libglx.so
[    43.873] (II) Module glx: vendor="X.Org Foundation"
[    43.873] 	compiled for 1.20.1, module version = 1.0.0
[    43.873] 	ABI class: X.Org Server Extension, version 10.0
[    43.873] (==) Matched modesetting as autoconfigured driver 0
[    43.873] (==) Matched fbdev as autoconfigured driver 1
[    43.873] (==) Matched vesa as autoconfigured driver 2
[    43.873] (==) Assigned the driver to the xf86ConfigLayout
[    43.873] (II) LoadModule: "modesetting"
[    43.874] (II) Loading /usr/lib/xorg/modules/drivers/modesetting_drv.so
[    43.884] (II) Module modesetting: vendor="X.Org Foundation"
[    43.885] 	compiled for 1.20.1, module version = 1.20.1
[    43.885] 	Module class: X.Org Video Driver
[    43.885] 	ABI class: X.Org Video Driver, version 24.0
[    43.885] (II) LoadModule: "fbdev"
[    43.885] (II) Loading /usr/lib/xorg/modules/drivers/fbdev_drv.so
[    43.885] (II) Module fbdev: vendor="X.Org Foundation"
[    43.885] 	compiled for 1.20.1, module version = 0.5.0
[    43.885] 	Module class: X.Org Video Driver
[    43.885] 	ABI class: X.Org Video Driver, version 24.0
[    43.885] (II) LoadModule: "vesa"
[    43.886] (II) Loading /usr/lib/xorg/modules/drivers/vesa_drv.so
[    43.891] (II) Module vesa: vendor="X.Org Foundation"
[    43.891] 	compiled for 1.20.1, module version = 2.4.0
[    43.891] 	Module class: X.Org Video Driver
[    43.891] 	ABI class: X.Org Video Driver, version 24.0
[    43.891] (II) modesetting: Driver for Modesetting Kernel Drivers: kms
[    43.891] (II) FBDEV: driver for framebuffer: fbdev
[    43.891] (II) VESA: driver for VESA chipsets: vesa
[    43.891] xf86EnableIOPorts: failed to set IOPL for I/O (Operation not permitted)
[    43.891] (II) modeset(0): using drv /dev/dri/card0
[    43.891] (WW) Falling back to old probe method for fbdev
[    43.891] (II) Loading sub module "fbdevhw"
[    43.891] (II) LoadModule: "fbdevhw"
[    43.891] (II) Loading /usr/lib/xorg/modules/libfbdevhw.so
[    43.896] (II) Module fbdevhw: vendor="X.Org Foundation"
[    43.896] 	compiled for 1.20.1, module version = 0.0.2
[    43.896] 	ABI class: X.Org Video Driver, version 24.0
[    43.896] (EE) open /dev/fb0: Permission denied
[    43.896] (WW) VGA arbiter: cannot open kernel arbiter, no multi-card support
[    43.896] (II) modeset(0): Creating default Display subsection in Screen section
	"Default Screen Section" for depth/fbbpp 24/32
[    43.896] (==) modeset(0): Depth 24, (==) framebuffer bpp 32
[    43.896] (==) modeset(0): RGB weight 888
[    43.896] (==) modeset(0): Default visual is TrueColor
[    43.896] (II) Loading sub module "glamoregl"
[    43.896] (II) LoadModule: "glamoregl"
[    43.896] (II) Loading /usr/lib/xorg/modules/libglamoregl.so
[    43.901] (II) Module glamoregl: vendor="X.Org Foundation"
[    43.901] 	compiled for 1.20.1, module version = 1.0.1
[    43.901] 	ABI class: X.Org ANSI C Emulation, version 0.4
[    43.915] (II) modeset(0): glamor X acceleration enabled on Mesa DRI Intel(R) Haswell Mobile 
[    43.915] (II) modeset(0): glamor initialized
[    43.917] (II) modeset(0): Output eDP-1 has no monitor section
[    43.919] (II) modeset(0): Output HDMI-1 has no monitor section
[    43.919] (II) modeset(0): Output DP-1 has no monitor section
[    43.920] (II) modeset(0): Output HDMI-2 has no monitor section
[    43.938] (II) modeset(0): EDID for output eDP-1
[    43.938] (II) modeset(0): Manufacturer: SEC  Model: 3859  Serial#: 0
[    43.938] (II) modeset(0): Year: 2012  Week: 0
[    43.938] (II) modeset(0): EDID Version: 1.4
[    43.938] (II) modeset(0): Digital Display Input
[    43.938] (II) modeset(0): 6 bits per channel
[    43.938] (II) modeset(0): Digital interface is undefined
[    43.938] (II) modeset(0): Max Image Size [cm]: horiz.: 29  vert.: 16
[    43.938] (II) modeset(0): Gamma: 2.20
[    43.938] (II) modeset(0): No DPMS capabilities specified
[    43.938] (II) modeset(0): Supported color encodings: RGB 4:4:4 YCrCb 4:4:4 
[    43.938] (II) modeset(0): First detailed timing is preferred mode
[    43.938] (II) modeset(0): Preferred mode is native pixel format and refresh rate
[    43.939] (II) modeset(0): redX: 0.580 redY: 0.340   greenX: 0.310 greenY: 0.550
[    43.939] (II) modeset(0): blueX: 0.155 blueY: 0.155   whiteX: 0.313 whiteY: 0.329
[    43.939] (II) modeset(0): Manufacturer's mask: 0
[    43.939] (II) modeset(0): Supported detailed timing:
[    43.939] (II) modeset(0): clock: 76.3 MHz   Image Size:  293 x 165 mm
[    43.939] (II) modeset(0): h_active: 1366  h_sync: 1430  h_sync_end 1478 h_blank_end 1606 h_border: 0
[    43.939] (II) modeset(0): v_active: 768  v_sync: 770  v_sync_end 775 v_blanking: 792 v_border: 0
[    43.939] (II) modeset(0): Supported detailed timing:
[    43.939] (II) modeset(0): clock: 50.8 MHz   Image Size:  293 x 165 mm
[    43.939] (II) modeset(0): h_active: 1366  h_sync: 1430  h_sync_end 1478 h_blank_end 1606 h_border: 0
[    43.939] (II) modeset(0): v_active: 768  v_sync: 770  v_sync_end 775 v_blanking: 792 v_border: 0
[    43.939] (II) modeset(0): Unknown vendor-specific block 2
[    43.939] (II) modeset(0): EDID (in hex):
[    43.939] (II) modeset(0): 	00ffffffffffff004ca3593800000000
[    43.939] (II) modeset(0): 	00160104901d10780a87f594574f8c27
[    43.939] (II) modeset(0): 	27505400000001010101010101010101
[    43.939] (II) modeset(0): 	010101010101ce1d56f0500018304030
[    43.939] (II) modeset(0): 	250025a510000019d81356f050001830
[    43.939] (II) modeset(0): 	4030250025a510000019000000000000
[    43.939] (II) modeset(0): 	00000000000000000000000000000002
[    43.939] (II) modeset(0): 	000c42f20c4c6415101b69000000009f
[    43.939] (II) modeset(0): Printing probed modes for output eDP-1
[    43.939] (II) modeset(0): Modeline "1366x768"x60.0   76.30  1366 1430 1478 1606  768 770 775 792 -hsync -vsync (47.5 kHz eP)
[    43.939] (II) modeset(0): Modeline "1366x768"x39.9   50.80  1366 1430 1478 1606  768 770 775 792 -hsync -vsync (31.6 kHz e)
[    43.939] (II) modeset(0): Modeline "1360x768"x59.8   84.75  1360 1432 1568 1776  768 771 781 798 -hsync +vsync (47.7 kHz d)
[    43.939] (II) modeset(0): Modeline "1360x768"x60.0   72.00  1360 1408 1440 1520  768 771 781 790 +hsync -vsync (47.4 kHz d)
[    43.939] (II) modeset(0): Modeline "1280x720"x120.0  156.12  1280 1376 1512 1744  720 721 724 746 doublescan -hsync +vsync (89.5 kHz d)
[    43.940] (II) modeset(0): Modeline "1280x720"x120.0  120.75  1280 1304 1320 1360  720 721 724 740 doublescan +hsync -vsync (88.8 kHz d)
[    43.940] (II) modeset(0): Modeline "1280x720"x59.9   74.50  1280 1344 1472 1664  720 723 728 748 -hsync +vsync (44.8 kHz d)
[    43.940] (II) modeset(0): Modeline "1280x720"x59.7   63.75  1280 1328 1360 1440  720 723 728 741 +hsync -vsync (44.3 kHz d)
[    43.940] (II) modeset(0): Modeline "1024x768"x120.1  133.47  1024 1100 1212 1400  768 768 770 794 doublescan -hsync +vsync (95.3 kHz d)
[    43.940] (II) modeset(0): Modeline "1024x768"x60.0   65.00  1024 1048 1184 1344  768 771 777 806 -hsync -vsync (48.4 kHz d)
[    43.940] (II) modeset(0): Modeline "960x720"x120.0  117.00  960 1024 1128 1300  720 720 722 750 doublescan -hsync +vsync (90.0 kHz d)
[    43.940] (II) modeset(0): Modeline "928x696"x120.1  109.15  928 976 1088 1264  696 696 698 719 doublescan -hsync +vsync (86.4 kHz d)
[    43.940] (II) modeset(0): Modeline "896x672"x120.0  102.40  896 960 1060 1224  672 672 674 697 doublescan -hsync +vsync (83.7 kHz d)
[    43.940] (II) modeset(0): Modeline "1024x576"x119.9   98.50  1024 1092 1200 1376  576 577 580 597 doublescan -hsync +vsync (71.6 kHz d)
[    43.940] (II) modeset(0): Modeline "1024x576"x119.9   78.38  1024 1048 1064 1104  576 577 580 592 doublescan +hsync -vsync (71.0 kHz d)
[    43.940] (II) modeset(0): Modeline "1024x576"x59.9   46.50  1024 1064 1160 1296  576 579 584 599 -hsync +vsync (35.9 kHz d)
[    43.940] (II) modeset(0): Modeline "1024x576"x59.8   42.00  1024 1072 1104 1184  576 579 584 593 +hsync -vsync (35.5 kHz d)
[    43.940] (II) modeset(0): Modeline "960x600"x119.9   96.62  960 1028 1128 1296  600 601 604 622 doublescan -hsync +vsync (74.6 kHz d)
[    43.940] (II) modeset(0): Modeline "960x600"x120.0   77.00  960 984 1000 1040  600 601 604 617 doublescan +hsync -vsync (74.0 kHz d)
[    43.940] (II) modeset(0): Modeline "960x540"x119.9   86.50  960 1024 1124 1288  540 541 544 560 doublescan -hsync +vsync (67.2 kHz d)
[    43.940] (II) modeset(0): Modeline "960x540"x120.0   69.25  960 984 1000 1040  540 541 544 555 doublescan +hsync -vsync (66.6 kHz d)
[    43.940] (II) modeset(0): Modeline "960x540"x59.6   40.75  960 992 1088 1216  540 543 548 562 -hsync +vsync (33.5 kHz d)
[    43.940] (II) modeset(0): Modeline "960x540"x59.8   37.25  960 1008 1040 1120  540 543 548 556 +hsync -vsync (33.3 kHz d)
[    43.940] (II) modeset(0): Modeline "800x600"x120.0   81.00  800 832 928 1080  600 600 602 625 doublescan +hsync +vsync (75.0 kHz d)
[    43.940] (II) modeset(0): Modeline "800x600"x60.3   40.00  800 840 968 1056  600 601 605 628 +hsync +vsync (37.9 kHz d)
[    43.940] (II) modeset(0): Modeline "800x600"x56.2   36.00  800 824 896 1024  600 601 603 625 +hsync +vsync (35.2 kHz d)
[    43.940] (II) modeset(0): Modeline "840x525"x120.0   73.12  840 892 980 1120  525 526 529 544 doublescan -hsync +vsync (65.3 kHz d)
[    43.940] (II) modeset(0): Modeline "840x525"x119.8   59.50  840 864 880 920  525 526 529 540 doublescan +hsync -vsync (64.7 kHz d)
[    43.940] (II) modeset(0): Modeline "864x486"x59.9   32.50  864 888 968 1072  486 489 494 506 -hsync +vsync (30.3 kHz d)
[    43.940] (II) modeset(0): Modeline "864x486"x59.6   30.50  864 912 944 1024  486 489 494 500 +hsync -vsync (29.8 kHz d)
[    43.940] (II) modeset(0): Modeline "800x512"x120.3   51.56  800 800 828 832  512 512 514 515 doublescan +hsync +vsync (62.0 kHz d)
[    43.940] (II) modeset(0): Modeline "700x525"x120.0   61.00  700 744 820 940  525 526 532 541 doublescan +hsync +vsync (64.9 kHz d)
[    43.940] (II) modeset(0): Modeline "800x450"x119.9   59.12  800 848 928 1056  450 451 454 467 doublescan -hsync +vsync (56.0 kHz d)
[    43.940] (II) modeset(0): Modeline "800x450"x119.6   48.75  800 824 840 880  450 451 454 463 doublescan +hsync -vsync (55.4 kHz d)
[    43.940] (II) modeset(0): Modeline "640x512"x120.0   54.00  640 664 720 844  512 512 514 533 doublescan +hsync +vsync (64.0 kHz d)
[    43.940] (II) modeset(0): Modeline "720x450"x119.8   53.25  720 760 836 952  450 451 454 467 doublescan -hsync +vsync (55.9 kHz d)
[    43.940] (II) modeset(0): Modeline "700x450"x119.9   51.75  700 740 812 924  450 451 456 467 doublescan -hsync +vsync (56.0 kHz d)
[    43.940] (II) modeset(0): Modeline "700x450"x119.8   43.25  700 724 740 780  450 451 456 463 doublescan +hsync -vsync (55.4 kHz d)
[    43.940] (II) modeset(0): Modeline "640x480"x120.0   54.00  640 688 744 900  480 480 482 500 doublescan +hsync +vsync (60.0 kHz d)
[    43.940] (II) modeset(0): Modeline "640x480"x59.9   25.18  640 656 752 800  480 490 492 525 -hsync -vsync (31.5 kHz d)
[    43.940] (II) modeset(0): Modeline "720x405"x59.5   22.50  720 744 808 896  405 408 413 422 -hsync +vsync (25.1 kHz d)
[    43.940] (II) modeset(0): Modeline "720x405"x59.0   21.75  720 768 800 880  405 408 413 419 +hsync -vsync (24.7 kHz d)
[    43.940] (II) modeset(0): Modeline "684x384"x119.8   42.62  684 720 788 892  384 385 390 399 doublescan -hsync +vsync (47.8 kHz d)
[    43.940] (II) modeset(0): Modeline "684x384"x119.7   36.12  684 708 724 764  384 385 390 395 doublescan +hsync -vsync (47.3 kHz d)
[    43.940] (II) modeset(0): Modeline "680x384"x119.6   42.38  680 716 784 888  384 385 390 399 doublescan -hsync +vsync (47.7 kHz d)
[    43.940] (II) modeset(0): Modeline "680x384"x119.9   36.00  680 704 720 760  384 385 390 395 doublescan +hsync -vsync (47.4 kHz d)
[    43.940] (II) modeset(0): Modeline "640x400"x119.8   41.75  640 676 740 840  400 401 404 415 doublescan -hsync +vsync (49.7 kHz d)
[    43.940] (II) modeset(0): Modeline "640x400"x120.0   35.50  640 664 680 720  400 401 404 411 doublescan +hsync -vsync (49.3 kHz d)
[    43.940] (II) modeset(0): Modeline "576x432"x120.1   40.81  576 608 668 760  432 432 434 447 doublescan -hsync +vsync (53.7 kHz d)
[    43.940] (II) modeset(0): Modeline "640x360"x119.7   37.25  640 672 736 832  360 361 364 374 doublescan -hsync +vsync (44.8 kHz d)
[    43.940] (II) modeset(0): Modeline "640x360"x119.7   31.88  640 664 680 720  360 361 364 370 doublescan +hsync -vsync (44.3 kHz d)
[    43.940] (II) modeset(0): Modeline "640x360"x59.8   18.00  640 664 720 800  360 363 368 376 -hsync +vsync (22.5 kHz d)
[    43.940] (II) modeset(0): Modeline "640x360"x59.3   17.75  640 688 720 800  360 363 368 374 +hsync -vsync (22.2 kHz d)
[    43.940] (II) modeset(0): Modeline "512x384"x120.0   32.50  512 524 592 672  384 385 388 403 doublescan -hsync -vsync (48.4 kHz d)
[    43.940] (II) modeset(0): Modeline "512x288"x120.0   23.25  512 532 580 648  288 289 292 299 doublescan -hsync +vsync (35.9 kHz d)
[    43.940] (II) modeset(0): Modeline "512x288"x119.8   21.00  512 536 552 592  288 289 292 296 doublescan +hsync -vsync (35.5 kHz d)
[    43.940] (II) modeset(0): Modeline "480x270"x119.3   20.38  480 496 544 608  270 271 274 281 doublescan -hsync +vsync (33.5 kHz d)
[    43.941] (II) modeset(0): Modeline "480x270"x119.6   18.62  480 504 520 560  270 271 274 278 doublescan +hsync -vsync (33.3 kHz d)
[    43.941] (II) modeset(0): Modeline "400x300"x120.6   20.00  400 420 484 528  300 300 302 314 doublescan +hsync +vsync (37.9 kHz d)
[    43.941] (II) modeset(0): Modeline "400x300"x112.7   18.00  400 412 448 512  300 300 301 312 doublescan +hsync +vsync (35.2 kHz d)
[    43.941] (II) modeset(0): Modeline "432x243"x119.8   16.25  432 444 484 536  243 244 247 253 doublescan -hsync +vsync (30.3 kHz d)
[    43.941] (II) modeset(0): Modeline "432x243"x119.1   15.25  432 456 472 512  243 244 247 250 doublescan +hsync -vsync (29.8 kHz d)
[    43.941] (II) modeset(0): Modeline "320x240"x120.1   12.59  320 328 376 400  240 245 246 262 doublescan -hsync -vsync (31.5 kHz d)
[    43.941] (II) modeset(0): Modeline "360x202"x119.0   11.25  360 372 404 448  202 204 206 211 doublescan -hsync +vsync (25.1 kHz d)
[    43.941] (II) modeset(0): Modeline "360x202"x118.3   10.88  360 384 400 440  202 204 206 209 doublescan +hsync -vsync (24.7 kHz d)
[    43.941] (II) modeset(0): Modeline "320x180"x119.7    9.00  320 332 360 400  180 181 184 188 doublescan -hsync +vsync (22.5 kHz d)
[    43.941] (II) modeset(0): Modeline "320x180"x118.6    8.88  320 344 360 400  180 181 184 187 doublescan +hsync -vsync (22.2 kHz d)
[    43.942] (II) modeset(0): EDID for output HDMI-1
[    43.942] (II) modeset(0): EDID for output DP-1
[    43.943] (II) modeset(0): EDID for output HDMI-2
[    43.943] (II) modeset(0): Output eDP-1 connected
[    43.943] (II) modeset(0): Output HDMI-1 disconnected
[    43.943] (II) modeset(0): Output DP-1 disconnected
[    43.943] (II) modeset(0): Output HDMI-2 disconnected
[    43.943] (II) modeset(0): Using exact sizes for initial modes
[    43.943] (II) modeset(0): Output eDP-1 using initial mode 1366x768 +0+0
[    43.943] (==) modeset(0): Using gamma correction (1.0, 1.0, 1.0)
[    43.944] (==) modeset(0): DPI set to (96, 96)
[    43.944] (II) Loading sub module "fb"
[    43.944] (II) LoadModule: "fb"
[    43.944] (II) Loading /usr/lib/xorg/modules/libfb.so
[    43.944] (II) Module fb: vendor="X.Org Foundation"
[    43.944] 	compiled for 1.20.1, module version = 1.0.0
[    43.944] 	ABI class: X.Org ANSI C Emulation, version 0.4
[    43.944] (II) UnloadModule: "fbdev"
[    43.944] (II) Unloading fbdev
[    43.944] (II) UnloadSubModule: "fbdevhw"
[    43.944] (II) Unloading fbdevhw
[    43.944] (II) UnloadModule: "vesa"
[    43.944] (II) Unloading vesa
[    43.960] (==) modeset(0): Backing store enabled
[    43.960] (==) modeset(0): Silken mouse enabled
[    44.003] (II) modeset(0): Initializing kms color map for depth 24, 8 bpc.
[    44.004] (==) modeset(0): DPMS enabled
[    44.004] (II) modeset(0): [DRI2] Setup complete
[    44.004] (II) modeset(0): [DRI2]   DRI driver: i965
[    44.004] (II) modeset(0): [DRI2]   VDPAU driver: i965
[    44.004] (II) Initializing extension Generic Event Extension
[    44.005] (II) Initializing extension SHAPE
[    44.005] (II) Initializing extension MIT-SHM
[    44.006] (II) Initializing extension XInputExtension
[    44.006] (II) Initializing extension XTEST
[    44.007] (II) Initializing extension BIG-REQUESTS
[    44.007] (II) Initializing extension SYNC
[    44.007] (II) Initializing extension XKEYBOARD
[    44.007] (II) Initializing extension XC-MISC
[    44.007] (II) Initializing extension SECURITY
[    44.008] (II) Initializing extension XFIXES
[    44.008] (II) Initializing extension RENDER
[    44.008] (II) Initializing extension RANDR
[    44.008] (II) Initializing extension COMPOSITE
[    44.009] (II) Initializing extension DAMAGE
[    44.009] (II) Initializing extension MIT-SCREEN-SAVER
[    44.009] (II) Initializing extension DOUBLE-BUFFER
[    44.009] (II) Initializing extension RECORD
[    44.009] (II) Initializing extension DPMS
[    44.009] (II) Initializing extension Present
[    44.009] (II) Initializing extension DRI3
[    44.010] (II) Initializing extension X-Resource
[    44.010] (II) Initializing extension XVideo
[    44.010] (II) Initializing extension XVideo-MotionCompensation
[    44.010] (II) Initializing extension SELinux
[    44.010] (II) SELinux: Disabled on system
[    44.010] (II) Initializing extension GLX
[    44.016] (II) AIGLX: Loaded and initialized i965
[    44.016] (II) GLX: Initialized DRI2 GL provider for screen 0
[    44.016] (II) Initializing extension XFree86-VidModeExtension
[    44.017] (II) Initializing extension XFree86-DGA
[    44.017] (II) Initializing extension XFree86-DRI
[    44.017] (II) Initializing extension DRI2
[    44.019] (II) modeset(0): Damage tracking initialized
[    44.019] (II) modeset(0): Setting screen physical size to 361 x 203
[    44.061] (II) config/udev: Adding input device Power Button (/dev/input/event2)
[    44.061] (**) Power Button: Applying InputClass "libinput keyboard catchall"
[    44.061] (II) LoadModule: "libinput"
[    44.061] (II) Loading /usr/lib/xorg/modules/input/libinput_drv.so
[    44.070] (II) Module libinput: vendor="X.Org Foundation"
[    44.070] 	compiled for 1.20.1, module version = 0.28.1
[    44.070] 	Module class: X.Org XInput Driver
[    44.070] 	ABI class: X.Org XInput driver, version 24.1
[    44.070] (II) Using input driver 'libinput' for 'Power Button'
[    44.071] (II) systemd-logind: got fd for /dev/input/event2 13:66 fd 21 paused 0
[    44.071] (**) Power Button: always reports core events
[    44.071] (**) Option "Device" "/dev/input/event2"
[    44.071] (**) Option "_source" "server/udev"
[    44.072] (II) event2  - Power Button: is tagged by udev as: Keyboard
[    44.072] (II) event2  - Power Button: device is a keyboard
[    44.072] (II) event2  - Power Button: device removed
[    44.072] (**) Option "config_info" "udev:/sys/devices/LNXSYSTM:00/LNXPWRBN:00/input/input2/event2"
[    44.072] (II) XINPUT: Adding extended input device "Power Button" (type: KEYBOARD, id 6)
[    44.072] (**) Option "xkb_model" "pc105"
[    44.072] (**) Option "xkb_layout" "us"
[    44.073] (II) event2  - Power Button: is tagged by udev as: Keyboard
[    44.073] (II) event2  - Power Button: device is a keyboard
[    44.073] (II) config/udev: Adding input device Video Bus (/dev/input/event4)
[    44.073] (**) Video Bus: Applying InputClass "libinput keyboard catchall"
[    44.073] (II) Using input driver 'libinput' for 'Video Bus'
[    44.074] (II) systemd-logind: got fd for /dev/input/event4 13:68 fd 24 paused 0
[    44.074] (**) Video Bus: always reports core events
[    44.074] (**) Option "Device" "/dev/input/event4"
[    44.074] (**) Option "_source" "server/udev"
[    44.074] (II) event4  - Video Bus: is tagged by udev as: Keyboard
[    44.074] (II) event4  - Video Bus: device is a keyboard
[    44.074] (II) event4  - Video Bus: device removed
[    44.074] (**) Option "config_info" "udev:/sys/devices/LNXSYSTM:00/LNXSYBUS:00/PNP0A08:00/LNXVIDEO:00/input/input11/event4"
[    44.074] (II) XINPUT: Adding extended input device "Video Bus" (type: KEYBOARD, id 7)
[    44.074] (**) Option "xkb_model" "pc105"
[    44.074] (**) Option "xkb_layout" "us"
[    44.075] (II) event4  - Video Bus: is tagged by udev as: Keyboard
[    44.075] (II) event4  - Video Bus: device is a keyboard
[    44.076] (II) config/udev: Adding input device Lid Switch (/dev/input/event1)
[    44.076] (II) No input driver specified, ignoring this device.
[    44.076] (II) This device may have been added with another device file.
[    44.076] (II) config/udev: Adding input device Sleep Button (/dev/input/event0)
[    44.076] (**) Sleep Button: Applying InputClass "libinput keyboard catchall"
[    44.076] (II) Using input driver 'libinput' for 'Sleep Button'
[    44.077] (II) systemd-logind: got fd for /dev/input/event0 13:64 fd 25 paused 0
[    44.077] (**) Sleep Button: always reports core events
[    44.077] (**) Option "Device" "/dev/input/event0"
[    44.077] (**) Option "_source" "server/udev"
[    44.077] (II) event0  - Sleep Button: is tagged by udev as: Keyboard
[    44.077] (II) event0  - Sleep Button: device is a keyboard
[    44.077] (II) event0  - Sleep Button: device removed
[    44.077] (**) Option "config_info" "udev:/sys/devices/LNXSYSTM:00/LNXSYBUS:00/PNP0C0E:00/input/input0/event0"
[    44.077] (II) XINPUT: Adding extended input device "Sleep Button" (type: KEYBOARD, id 8)
[    44.077] (**) Option "xkb_model" "pc105"
[    44.077] (**) Option "xkb_layout" "us"
[    44.078] (II) event0  - Sleep Button: is tagged by udev as: Keyboard
[    44.078] (II) event0  - Sleep Button: device is a keyboard
[    44.079] (II) config/udev: Adding input device HDA Intel HDMI HDMI/DP,pcm=3 (/dev/input/event10)
[    44.079] (II) No input driver specified, ignoring this device.
[    44.079] (II) This device may have been added with another device file.
[    44.079] (II) config/udev: Adding input device HDA Intel HDMI HDMI/DP,pcm=7 (/dev/input/event11)
[    44.079] (II) No input driver specified, ignoring this device.
[    44.079] (II) This device may have been added with another device file.
[    44.079] (II) config/udev: Adding input device HDA Intel HDMI HDMI/DP,pcm=8 (/dev/input/event12)
[    44.079] (II) No input driver specified, ignoring this device.
[    44.079] (II) This device may have been added with another device file.
[    44.080] (II) config/udev: Adding input device HDA Intel HDMI HDMI/DP,pcm=9 (/dev/input/event13)
[    44.080] (II) No input driver specified, ignoring this device.
[    44.080] (II) This device may have been added with another device file.
[    44.080] (II) config/udev: Adding input device HDA Intel HDMI HDMI/DP,pcm=10 (/dev/input/event14)
[    44.080] (II) No input driver specified, ignoring this device.
[    44.080] (II) This device may have been added with another device file.
[    44.081] (II) config/udev: Adding input device HP HD Webcam: HP HD Webcam (/dev/input/event9)
[    44.081] (**) HP HD Webcam: HP HD Webcam: Applying InputClass "libinput keyboard catchall"
[    44.081] (II) Using input driver 'libinput' for 'HP HD Webcam: HP HD Webcam'
[    44.081] (II) systemd-logind: got fd for /dev/input/event9 13:73 fd 26 paused 0
[    44.081] (**) HP HD Webcam: HP HD Webcam: always reports core events
[    44.081] (**) Option "Device" "/dev/input/event9"
[    44.081] (**) Option "_source" "server/udev"
[    44.082] (II) event9  - HP HD Webcam: HP HD Webcam: is tagged by udev as: Keyboard
[    44.082] (II) event9  - HP HD Webcam: HP HD Webcam: device is a keyboard
[    44.082] (II) event9  - HP HD Webcam: HP HD Webcam: device removed
[    44.082] (**) Option "config_info" "udev:/sys/devices/pci0000:00/0000:00:14.0/usb2/2-7/2-7:1.0/input/input16/event9"
[    44.082] (II) XINPUT: Adding extended input device "HP HD Webcam: HP HD Webcam" (type: KEYBOARD, id 9)
[    44.082] (**) Option "xkb_model" "pc105"
[    44.082] (**) Option "xkb_layout" "us"
[    44.083] (II) event9  - HP HD Webcam: HP HD Webcam: is tagged by udev as: Keyboard
[    44.083] (II) event9  - HP HD Webcam: HP HD Webcam: device is a keyboard
[    44.083] (II) config/udev: Adding input device HDA Intel PCH Mic (/dev/input/event15)
[    44.083] (II) No input driver specified, ignoring this device.
[    44.083] (II) This device may have been added with another device file.
[    44.084] (II) config/udev: Adding input device HDA Intel PCH Headphone (/dev/input/event16)
[    44.084] (II) No input driver specified, ignoring this device.
[    44.084] (II) This device may have been added with another device file.
[    44.084] (II) config/udev: Adding input device AT Translated Set 2 keyboard (/dev/input/event3)
[    44.084] (**) AT Translated Set 2 keyboard: Applying InputClass "libinput keyboard catchall"
[    44.084] (II) Using input driver 'libinput' for 'AT Translated Set 2 keyboard'
[    44.085] (II) systemd-logind: got fd for /dev/input/event3 13:67 fd 27 paused 0
[    44.085] (**) AT Translated Set 2 keyboard: always reports core events
[    44.085] (**) Option "Device" "/dev/input/event3"
[    44.085] (**) Option "_source" "server/udev"
[    44.085] (II) event3  - AT Translated Set 2 keyboard: is tagged by udev as: Keyboard
[    44.085] (II) event3  - AT Translated Set 2 keyboard: device is a keyboard
[    44.085] (II) event3  - AT Translated Set 2 keyboard: device removed
[    44.086] (**) Option "config_info" "udev:/sys/devices/platform/i8042/serio0/input/input3/event3"
[    44.086] (II) XINPUT: Adding extended input device "AT Translated Set 2 keyboard" (type: KEYBOARD, id 10)
[    44.086] (**) Option "xkb_model" "pc105"
[    44.086] (**) Option "xkb_layout" "us"
[    44.086] (II) event3  - AT Translated Set 2 keyboard: is tagged by udev as: Keyboard
[    44.086] (II) event3  - AT Translated Set 2 keyboard: device is a keyboard
[    44.087] (II) config/udev: Adding input device SynPS/2 Synaptics TouchPad (/dev/input/event5)
[    44.087] (**) SynPS/2 Synaptics TouchPad: Applying InputClass "libinput touchpad catchall"
[    44.087] (II) Using input driver 'libinput' for 'SynPS/2 Synaptics TouchPad'
[    44.088] (II) systemd-logind: got fd for /dev/input/event5 13:69 fd 28 paused 0
[    44.088] (**) SynPS/2 Synaptics TouchPad: always reports core events
[    44.088] (**) Option "Device" "/dev/input/event5"
[    44.088] (**) Option "_source" "server/udev"
[    44.088] (II) event5  - SynPS/2 Synaptics TouchPad: is tagged by udev as: Touchpad
[    44.088] (II) event5  - SynPS/2 Synaptics TouchPad: device is a touchpad
[    44.088] (II) event5  - SynPS/2 Synaptics TouchPad: device removed
[    44.088] (**) Option "config_info" "udev:/sys/devices/platform/i8042/serio3/input/input10/event5"
[    44.088] (II) XINPUT: Adding extended input device "SynPS/2 Synaptics TouchPad" (type: TOUCHPAD, id 11)
[    44.089] (**) Option "AccelerationScheme" "none"
[    44.089] (**) SynPS/2 Synaptics TouchPad: (accel) selected scheme none/0
[    44.089] (**) SynPS/2 Synaptics TouchPad: (accel) acceleration factor: 2.000
[    44.089] (**) SynPS/2 Synaptics TouchPad: (accel) acceleration threshold: 4
[    44.089] (II) event5  - SynPS/2 Synaptics TouchPad: is tagged by udev as: Touchpad
[    44.089] (II) event5  - SynPS/2 Synaptics TouchPad: device is a touchpad
[    44.089] (II) config/udev: Adding input device SynPS/2 Synaptics TouchPad (/dev/input/mouse0)
[    44.089] (II) No input driver specified, ignoring this device.
[    44.089] (II) This device may have been added with another device file.
[    44.090] (II) config/udev: Adding input device ST LIS3LV02DL Accelerometer (/dev/input/event8)
[    44.090] (II) No input driver specified, ignoring this device.
[    44.090] (II) This device may have been added with another device file.
[    44.090] (II) config/udev: Adding input device ST LIS3LV02DL Accelerometer (/dev/input/js0)
[    44.090] (II) No input driver specified, ignoring this device.
[    44.090] (II) This device may have been added with another device file.
[    44.092] (II) config/udev: Adding input device HP Wireless hotkeys (/dev/input/event6)
[    44.092] (**) HP Wireless hotkeys: Applying InputClass "libinput keyboard catchall"
[    44.092] (II) Using input driver 'libinput' for 'HP Wireless hotkeys'
[    44.094] (II) systemd-logind: got fd for /dev/input/event6 13:70 fd 29 paused 0
[    44.094] (**) HP Wireless hotkeys: always reports core events
[    44.094] (**) Option "Device" "/dev/input/event6"
[    44.094] (**) Option "_source" "server/udev"
[    44.095] (II) event6  - HP Wireless hotkeys: is tagged by udev as: Keyboard
[    44.095] (II) event6  - HP Wireless hotkeys: device is a keyboard
[    44.095] (II) event6  - HP Wireless hotkeys: device removed
[    44.095] (**) Option "config_info" "udev:/sys/devices/virtual/input/input13/event6"
[    44.095] (II) XINPUT: Adding extended input device "HP Wireless hotkeys" (type: KEYBOARD, id 12)
[    44.095] (**) Option "xkb_model" "pc105"
[    44.095] (**) Option "xkb_layout" "us"
[    44.096] (II) event6  - HP Wireless hotkeys: is tagged by udev as: Keyboard
[    44.096] (II) event6  - HP Wireless hotkeys: device is a keyboard
[    44.096] (II) config/udev: Adding input device HP WMI hotkeys (/dev/input/event7)
[    44.096] (**) HP WMI hotkeys: Applying InputClass "libinput keyboard catchall"
[    44.096] (II) Using input driver 'libinput' for 'HP WMI hotkeys'
[    44.097] (II) systemd-logind: got fd for /dev/input/event7 13:71 fd 30 paused 0
[    44.097] (**) HP WMI hotkeys: always reports core events
[    44.097] (**) Option "Device" "/dev/input/event7"
[    44.097] (**) Option "_source" "server/udev"
[    44.097] (II) event7  - HP WMI hotkeys: is tagged by udev as: Keyboard Switch
[    44.097] (II) event7  - HP WMI hotkeys: device is a keyboard
[    44.097] (II) event7  - HP WMI hotkeys: device is a switch device
[    44.097] (II) event7  - HP WMI hotkeys: device removed
[    44.098] (**) Option "config_info" "udev:/sys/devices/virtual/input/input14/event7"
[    44.098] (II) XINPUT: Adding extended input device "HP WMI hotkeys" (type: KEYBOARD, id 13)
[    44.098] (**) Option "xkb_model" "pc105"
[    44.098] (**) Option "xkb_layout" "us"
[    44.098] (II) event7  - HP WMI hotkeys: is tagged by udev as: Keyboard Switch
[    44.098] (II) event7  - HP WMI hotkeys: device is a keyboard
[    44.098] (II) event7  - HP WMI hotkeys: device is a switch device
[    44.920] (II) modeset(0): EDID vendor "SEC", prod id 14425
[    44.921] (II) modeset(0): Printing DDC gathered Modelines:
[    44.921] (II) modeset(0): Modeline "1366x768"x0.0   76.30  1366 1430 1478 1606  768 770 775 792 -hsync -vsync (47.5 kHz eP)
[    44.921] (II) modeset(0): Modeline "1366x768"x0.0   50.80  1366 1430 1478 1606  768 770 775 792 -hsync -vsync (31.6 kHz e)
